<?xml version="1.0" encoding="UTF-8"?>
<testsuite xmlns:xsi="http://www.w3.org/2001/XMLSchema-instance" xsi:noNamespaceSchemaLocation="https://maven.apache.org/surefire/maven-surefire-plugin/xsd/surefire-test-report-3.0.xsd" version="3.0" name="AppTest" time="0.077" tests="4" errors="0" skipped="0" failures="0">
  <properties>
[...]
</properties>
  <testcase name="SingleFile" classname="AppTest" time="0.046"/>
  <testcase name="SingleFileBytes" classname="AppTest" time="0.005"/>
  <testcase name="DirectoryAndOutput" classname="AppTest" time="0.006"/>
  <testcase name="Directory" classname="AppTest" time="0.002"/>
</testsuite>